0 info it worked if it ends with ok
1 verbose cli [ '/usr/local/Cellar/node/0.10.25/bin/node',
1 verbose cli   '/usr/local/bin/npm',
1 verbose cli   'shrinkwrap' ]
2 info using npm@1.3.24
3 info using node@v0.10.25
4 warn shrinkwrap Excluding devDependency: jison
5 error TypeError: Cannot convert null to object
5 error     at /usr/local/Cellar/node/0.10.25/lib/node_modules/npm/lib/shrinkwrap.js:42:39
5 error     at Array.forEach (native)
5 error     at /usr/local/Cellar/node/0.10.25/lib/node_modules/npm/lib/shrinkwrap.js:40:43
5 error     at process._tickCallback (node.js:415:13)
6 error If you need help, you may report this *entire* log,
6 error including the npm and node versions, at:
6 error     <http://github.com/isaacs/npm/issues>
7 error System Darwin 13.0.0
8 error command "/usr/local/Cellar/node/0.10.25/bin/node" "/usr/local/bin/npm" "shrinkwrap"
9 error cwd /Users/mac/Dev/Ioscript
10 error node -v v0.10.25
11 error npm -v 1.3.24
12 error type null_to_object
13 verbose exit [ 1, true ]
